<?xml version="1.0" encoding="UTF-8"?>
<!-- Generated by org.testng.reporters.JUnitXMLReporter -->
<testsuite ignored="0" hostname="BLRCND52001551" failures="0" tests="5" name="Test Basics 1" time="87.702" errors="0" timestamp="18 Apr 2020 20:56:18 GMT">
  <testcase classname="com.qa.testcases.ContactsPageTest" name="verifyClickContactsByNameTest" time="3.926"/>
  <testcase classname="com.qa.testcases.ContactsPageTest" name="verifyClickMultipleContactsByNameTest" time="3.528"/>
  <testcase classname="com.qa.testcases.HomePageTest" name="verifyClicksContactsTest" time="9.71"/>
  <testcase classname="com.qa.testcases.LoginPageTest" name="loginTest" time="0.592"/>
  <testcase classname="com.qa.testcases.LoginPageTest" name="loginPageTitleTest" time="0.018"/>
</testsuite> <!-- Test Basics 1 -->
